<?xml version="1.0" encoding="UTF-8"?>
<!-- Generated by org.testng.reporters.JUnitXMLReporter -->
<testsuite ignored="0" hostname="MUM-LAP-409" failures="0" tests="6" name="Default test" time="1.118" errors="0" timestamp="15 Jul 2019 11:13:05 GMT">
  <testcase classname="ddf.testcases.TestC" name="TestC1" time="0.041"/>
  <testcase classname="ddf.testcases.TestC" name="TestC1" time="0.006"/>
  <testcase classname="ddf.testcases.TestC" name="TestC1" time="0.004"/>
  <testcase classname="ddf.testcases.TestC" name="TestC1" time="0.012"/>
  <testcase classname="ddf.testcases.TestC" name="TestC1" time="0.007"/>
  <testcase classname="ddf.testcases.TestC" name="TestC1" time="0.009"/>
</testsuite> <!-- Default test -->
