<?xml version="1.0" encoding="UTF-8"?>
<!-- Generated by org.testng.reporters.JUnitXMLReporter -->
<testsuite ignored="0" hostname="MUM-LAP-409" failures="0" tests="6" name="TestC" time="0.704" errors="0" timestamp="21 Jul 2019 06:33:26 GMT">
  <testcase classname="ddf.testcases.TestC" name="TestC1" time="0.089">
    <skipped/>
  </testcase> <!-- TestC1 -->
  <testcase classname="ddf.testcases.TestC" name="TestC1" time="0.073">
    <skipped/>
  </testcase> <!-- TestC1 -->
  <testcase classname="ddf.testcases.TestC" name="TestC1" time="0.094">
    <skipped/>
  </testcase> <!-- TestC1 -->
  <testcase classname="ddf.testcases.TestC" name="TestC1" time="0.123">
    <skipped/>
  </testcase> <!-- TestC1 -->
  <testcase classname="ddf.testcases.TestC" name="TestC1" time="0.088">
    <skipped/>
  </testcase> <!-- TestC1 -->
  <testcase classname="ddf.testcases.TestC" name="TestC1" time="0.131">
    <skipped/>
  </testcase> <!-- TestC1 -->
</testsuite> <!-- TestC -->
