<?xml version="1.0" encoding="UTF-8"?>
<!-- Generated by org.testng.reporters.JUnitXMLReporter -->
<testsuite ignored="0" hostname="MUM-LAP-409" failures="0" tests="7" name="Test" time="0.183" errors="0" timestamp="30 Jun 2019 06:08:52 GMT">
  <testcase classname="ddf.testcases.TestC" name="TestC1" time="0.024"/>
  <testcase classname="ddf.testcases.TestB" name="TestB1" time="0.006"/>
  <testcase classname="ddf.testcases.TestA" name="TestA1" time="0.002"/>
  <testcase classname="ddf.testcases.TestB" name="TestB2" time="0.002"/>
  <testcase classname="ddf.testcases.TestA" name="TestA2" time="0.003"/>
  <testcase classname="ddf.testcases.TestB" name="TestB3" time="0.002"/>
  <testcase classname="ddf.testcases.TestA" name="TestA3" time="0.006"/>
</testsuite> <!-- Test -->
