<?xml version="1.0" encoding="UTF-8"?>
<!-- Generated by org.testng.reporters.JUnitXMLReporter -->
<testsuite ignored="0" hostname="MUM-LAP-409" failures="0" tests="6" name="Test1" time="1.422" errors="0" timestamp="21 Jul 2019 05:11:03 GMT">
  <testcase classname="ddf.testcases.TestC" name="TestC1" time="0.047"/>
  <testcase classname="ddf.testcases.TestC" name="TestC1" time="0.003"/>
  <testcase classname="ddf.testcases.TestC" name="TestC1" time="0.003"/>
  <testcase classname="ddf.testcases.TestC" name="TestC1" time="0.005"/>
  <testcase classname="ddf.testcases.TestC" name="TestC1" time="0.003"/>
  <testcase classname="ddf.testcases.TestC" name="TestC1" time="0.003"/>
</testsuite> <!-- Test1 -->
