<?xml version="1.0" encoding="UTF-8"?>
<!-- Generated by org.testng.reporters.JUnitXMLReporter -->
<testsuite ignored="0" hostname="MUM-LAP-409" failures="0" tests="6" name="Test33" time="0.198" errors="0" timestamp="21 Jul 2019 05:10:29 GMT">
  <testcase classname="ddf.testcases.TestC" name="TestC1" time="0.002"/>
  <testcase classname="ddf.testcases.TestC" name="TestC1" time="0.002"/>
  <testcase classname="ddf.testcases.TestC" name="TestC1" time="0.002"/>
  <testcase classname="ddf.testcases.TestC" name="TestC1" time="0.004"/>
  <testcase classname="ddf.testcases.TestC" name="TestC1" time="0.002"/>
  <testcase classname="ddf.testcases.TestC" name="TestC1" time="0.002"/>
</testsuite> <!-- Test33 -->
