<?xml version="1.0" encoding="UTF-8"?>
<!-- Generated by org.testng.reporters.JUnitXMLReporter -->
<testsuite ignored="0" hostname="MUM-LAP-409" failures="0" tests="2" name="TestB" time="0.387" errors="0" timestamp="21 Jul 2019 06:33:25 GMT">
  <testcase classname="ddf.testcases.TestB" name="TestB" time="0.119">
    <skipped/>
  </testcase> <!-- TestB -->
  <testcase classname="ddf.testcases.TestB" name="TestB" time="0.125">
    <skipped/>
  </testcase> <!-- TestB -->
</testsuite> <!-- TestB -->
