<?xml version="1.0" encoding="UTF-8"?>
<!-- Generated by org.testng.reporters.JUnitXMLReporter -->
<testsuite ignored="2" hostname="MUM-LAP-409" failures="0" tests="1" name="Test1" time="8.046" errors="0" timestamp="30 Jun 2019 07:13:03 GMT">
  <testcase classname="ddf.testcases.TestA" name="TestA1" time="7.975"/>
  <testcase classname="ddf.testcases.TestA" name="TestA3" time="0.0">
    <ignored/>
  </testcase> <!-- TestA3 -->
  <testcase classname="ddf.testcases.TestA" name="TestA2" time="0.0">
    <ignored/>
  </testcase> <!-- TestA2 -->
</testsuite> <!-- Test1 -->
