<?xml version="1.0" encoding="UTF-8"?>
<!-- Generated by org.testng.reporters.JUnitXMLReporter -->
<testsuite ignored="2" hostname="MUM-LAP-409" failures="0" tests="1" name="TestA" time="1.551" errors="0" timestamp="21 Jul 2019 06:33:25 GMT">
  <testcase classname="ddf.testcases.TestA" name="TestA2" time="0.033"/>
  <testcase classname="ddf.testcases.TestA" name="TestA3" time="0.0">
    <ignored/>
  </testcase> <!-- TestA3 -->
  <testcase classname="ddf.testcases.TestA" name="TestA1" time="0.0">
    <ignored/>
  </testcase> <!-- TestA1 -->
</testsuite> <!-- TestA -->
